<?xml version="1.0" encoding="UTF-8"?>
<testsuites name="Smoke" time="44.586" tests="3" failures="0" skips="0" errors="0">
   <testsuite name="Smoke" tests="3" failures="0" errors="0" time="44.586" skips="0" timestamp="2021-01-21 12:28:07" hostname="sebastiangilarranz - sebastians-mbp" id="Test Suites/Smoke">
      <properties>
         <property name="deviceName" value=""/>
         <property name="devicePlatform" value=""/>
         <property name="logFolder" value="/Users/sebastiangilarranz/Katalon Studio/PCTE_Similar/Reports/20210121_122802/Smoke/20210121_122802"/>
         <property name="logFiles" value="/Users/sebastiangilarranz/Katalon Studio/PCTE_Similar/Reports/20210121_122802/Smoke/20210121_122802/execution0.log"/>
         <property name="attachments" value=""/>
         <property name="hostName" value="sebastiangilarranz - sebastians-mbp"/>
         <property name="os" value="Mac OS X 64bit"/>
         <property name="katalonVersion" value="7.8.2.208"/>
         <property name="browser" value="Chrome 88.0.4324.96"/>
         <property name="hostAddress" value="192.168.1.239"/>
         <property name="sessionId" value="697f2b4ed46a283a701744d91c7de867"/>
         <property name="seleniumVersion" value="3.141.59"/>
         <property name="proxyInformation" value="ProxyInformation { proxyOption=NO_PROXY, proxyServerType=HTTP, username=, password=********, proxyServerAddress=, proxyServerPort=0, executionList=&quot;&quot;, isApplyToDesiredCapabilities=true }"/>
         <property name="platform" value="Mac OS X"/>
      </properties>
      <testcase name="Test Cases/Register" time="12.851" classname="Test Cases/Register" status="PASSED">
         <system-out><![CDATA[2021-01-21 12:28:08 - [TEST_CASE][PASSED] - Test Cases/Register: Test Cases/Register

2021-01-21 12:28:09 - [TEST_STEP][PASSED] - runFeatureFile("Include/features/Register/Register-success.feature"): Feature file: 'Include/features/Register/Register-success.feature' was passed

2021-01-21 12:28:09 - [MESSAGE][INFO] - Starting run keyword runFeatureFile: 'Include/features/Register/Register-success.feature' and extract report to folder: '/Users/sebastiangilarranz/Katalon Studio/PCTE_Similar/Reports/20210121_122802/Smoke/20210121_122802/cucumber_report/1611250089334'...

2021-01-21 12:28:09 - [TEST_CASE][PASSED] - Start Test Case : SCENARIO Register: SCENARIO Register

2021-01-21 12:28:09 - [TEST_STEP][PASSED] - I am on contactology: I am on contactology

2021-01-21 12:28:10 - [MESSAGE][INFO] - Starting 'Chrome' driver

2021-01-21 12:28:10 - [MESSAGE][INFO] - Action delay is set to 0 milliseconds

2021-01-21 12:28:13 - [MESSAGE][PASSED] - Browser is opened with url: ''

2021-01-21 12:28:14 - [MESSAGE][PASSED] - Navigate to 'https://contactology.pythonanywhere.com/' successfully

2021-01-21 12:28:14 - [MESSAGE][PASSED] - I am on contactology

2021-01-21 12:28:14 - [TEST_STEP][PASSED] - I register to contactology: I register to contactology

2021-01-21 12:28:15 - [MESSAGE][PASSED] - Object: 'Object Repository/Page_Contactology - login/a_Create Account' is clicked on

2021-01-21 12:28:16 - [MESSAGE][PASSED] - Text 'User004' is set on object 'Object Repository/Page_Contactology - register/input_First Name_firstname'

2021-01-21 12:28:17 - [MESSAGE][PASSED] - Text 'User004' is set on object 'Object Repository/Page_Contactology - register/input_Last Name_lastname'

2021-01-21 12:28:17 - [MESSAGE][PASSED] - Text 'User004' is set on object 'Object Repository/Page_Contactology - register/input_User Name_username'

2021-01-21 12:28:18 - [MESSAGE][PASSED] - Text ****** has been set on object 'Object Repository/Page_Contactology - register/input_Password_pass'

2021-01-21 12:28:18 - [MESSAGE][PASSED] - Text ****** has been set on object 'Object Repository/Page_Contactology - register/input_Confirm Password_confpass'

2021-01-21 12:28:19 - [MESSAGE][PASSED] - Object: 'Object Repository/Page_Contactology - register/button_Register' is clicked on

2021-01-21 12:28:19 - [MESSAGE][PASSED] - I register to contactology

2021-01-21 12:28:19 - [TEST_STEP][PASSED] - I should have access to dashboard: I should have access to dashboard

2021-01-21 12:28:21 - [MESSAGE][PASSED] - Actual text and expected text of test object 'Object Repository/Page_Contactology - main/h2_Contacts' are matched.

2021-01-21 12:28:21 - [MESSAGE][PASSED] - I should have access to dashboard

2021-01-21 12:28:21 - [MESSAGE][PASSED] - Feature file: 'Include/features/Register/Register-success.feature' was passed]]></system-out>
         <system-err><![CDATA[]]></system-err>
      </testcase>
      <testcase name="Test Cases/Login" time="12.613" classname="Test Cases/Login" status="PASSED">
         <system-out><![CDATA[2021-01-21 12:28:21 - [TEST_CASE][PASSED] - Test Cases/Login: Test Cases/Login

2021-01-21 12:28:21 - [TEST_STEP][PASSED] - runFeatureFile("Include/features/login/Login-success.feature"): Feature file: 'Include/features/login/Login-success.feature' was passed

2021-01-21 12:28:21 - [MESSAGE][INFO] - Starting run keyword runFeatureFile: 'Include/features/login/Login-success.feature' and extract report to folder: '/Users/sebastiangilarranz/Katalon Studio/PCTE_Similar/Reports/20210121_122802/Smoke/20210121_122802/cucumber_report/1611250101821'...

2021-01-21 12:28:21 - [TEST_CASE][PASSED] - Start Test Case : SCENARIO Login: SCENARIO Login

2021-01-21 12:28:21 - [TEST_STEP][PASSED] - I am on contactology: I am on contactology

2021-01-21 12:28:21 - [MESSAGE][WARNING] - A browser is already opened. Closing browser and opening a new one

2021-01-21 12:28:22 - [MESSAGE][INFO] - Starting 'Chrome' driver

2021-01-21 12:28:22 - [MESSAGE][INFO] - Action delay is set to 0 milliseconds

2021-01-21 12:28:23 - [MESSAGE][PASSED] - Browser is opened with url: ''

2021-01-21 12:28:24 - [MESSAGE][PASSED] - Navigate to 'https://contactology.pythonanywhere.com/' successfully

2021-01-21 12:28:24 - [MESSAGE][PASSED] - I am on contactology

2021-01-21 12:28:24 - [TEST_STEP][PASSED] - I login to contactology: I login to contactology

2021-01-21 12:28:25 - [MESSAGE][PASSED] - Text 'User001' is set on object 'Object Repository/Page_Contactology - login/input_User Name_username'

2021-01-21 12:28:25 - [MESSAGE][PASSED] - Text ****** has been set on object 'Object Repository/Page_Contactology - login/input_Password_pass'

2021-01-21 12:28:26 - [MESSAGE][PASSED] - Object: 'Object Repository/Page_Contactology - login/button_Login' is clicked on

2021-01-21 12:28:26 - [MESSAGE][PASSED] - I login to contactology

2021-01-21 12:28:26 - [TEST_STEP][PASSED] - I should have access to dashboard: I should have access to dashboard

2021-01-21 12:28:27 - [MESSAGE][PASSED] - Actual text and expected text of test object 'Object Repository/Page_Contactology - main/h2_Contacts' are matched.

2021-01-21 12:28:27 - [MESSAGE][PASSED] - I should have access to dashboard

2021-01-21 12:28:27 - [TEST_CASE][PASSED] - Start Test Case : SCENARIO Logout: SCENARIO Logout

2021-01-21 12:28:27 - [TEST_STEP][PASSED] - I am on contactology: I am on contactology

2021-01-21 12:28:27 - [MESSAGE][WARNING] - A browser is already opened. Closing browser and opening a new one

2021-01-21 12:28:27 - [MESSAGE][INFO] - Starting 'Chrome' driver

2021-01-21 12:28:27 - [MESSAGE][INFO] - Action delay is set to 0 milliseconds

2021-01-21 12:28:28 - [MESSAGE][PASSED] - Browser is opened with url: ''

2021-01-21 12:28:30 - [MESSAGE][PASSED] - Navigate to 'https://contactology.pythonanywhere.com/' successfully

2021-01-21 12:28:30 - [MESSAGE][PASSED] - I am on contactology

2021-01-21 12:28:30 - [TEST_STEP][PASSED] - I login to contactology: I login to contactology

2021-01-21 12:28:31 - [MESSAGE][PASSED] - Text 'User001' is set on object 'Object Repository/Page_Contactology - login/input_User Name_username'

2021-01-21 12:28:31 - [MESSAGE][PASSED] - Text ****** has been set on object 'Object Repository/Page_Contactology - login/input_Password_pass'

2021-01-21 12:28:32 - [MESSAGE][PASSED] - Object: 'Object Repository/Page_Contactology - login/button_Login' is clicked on

2021-01-21 12:28:32 - [MESSAGE][PASSED] - I login to contactology

2021-01-21 12:28:32 - [TEST_STEP][PASSED] - I logout of contactology: I logout of contactology

2021-01-21 12:28:33 - [MESSAGE][PASSED] - Object: 'Object Repository/Page_Contactology - main/Page_Contactology - main/a_logout' is clicked on

2021-01-21 12:28:33 - [MESSAGE][PASSED] - I logout of contactology

2021-01-21 12:28:33 - [TEST_STEP][PASSED] - I should no longer have access to dashboard: I should no longer have access to dashboard

2021-01-21 12:28:34 - [MESSAGE][PASSED] - Web element with id: 'Object Repository/Page_Contactology - main/h2_Contacts' located by 'By.xpath: //section[@id='Contacts']/div/h2' is not present after '5' second(s)

2021-01-21 12:28:34 - [MESSAGE][PASSED] - Browser is closed

2021-01-21 12:28:34 - [MESSAGE][PASSED] - I should no longer have access to dashboard

2021-01-21 12:28:34 - [MESSAGE][PASSED] - Feature file: 'Include/features/login/Login-success.feature' was passed]]></system-out>
         <system-err><![CDATA[]]></system-err>
      </testcase>
      <testcase name="Test Cases/Add Contact_Delete Contact" time="17.428" classname="Test Cases/Add Contact_Delete Contact" status="PASSED">
         <system-out><![CDATA[2021-01-21 12:28:34 - [TEST_CASE][PASSED] - Test Cases/Add Contact_Delete Contact: Test Cases/Add Contact_Delete Contact

2021-01-21 12:28:34 - [TEST_STEP][PASSED] - runFeatureFile("Include/features/Add_Contact/AddContact.feature"): Feature file: 'Include/features/Add_Contact/AddContact.feature' was passed

2021-01-21 12:28:34 - [MESSAGE][INFO] - Starting run keyword runFeatureFile: 'Include/features/Add_Contact/AddContact.feature' and extract report to folder: '/Users/sebastiangilarranz/Katalon Studio/PCTE_Similar/Reports/20210121_122802/Smoke/20210121_122802/cucumber_report/1611250114403'...

2021-01-21 12:28:34 - [TEST_CASE][PASSED] - Start Test Case : SCENARIO Add Contact: SCENARIO Add Contact

2021-01-21 12:28:34 - [TEST_STEP][PASSED] - I am on contactology: I am on contactology

2021-01-21 12:28:34 - [MESSAGE][INFO] - Starting 'Chrome' driver

2021-01-21 12:28:34 - [MESSAGE][INFO] - Action delay is set to 0 milliseconds

2021-01-21 12:28:35 - [MESSAGE][PASSED] - Browser is opened with url: ''

2021-01-21 12:28:36 - [MESSAGE][PASSED] - Navigate to 'https://contactology.pythonanywhere.com/' successfully

2021-01-21 12:28:36 - [MESSAGE][PASSED] - I am on contactology

2021-01-21 12:28:36 - [TEST_STEP][PASSED] - I login to contactology: I login to contactology

2021-01-21 12:28:37 - [MESSAGE][PASSED] - Text 'User001' is set on object 'Object Repository/Page_Contactology - login/input_User Name_username'

2021-01-21 12:28:38 - [MESSAGE][PASSED] - Text ****** has been set on object 'Object Repository/Page_Contactology - login/input_Password_pass'

2021-01-21 12:28:38 - [MESSAGE][PASSED] - Object: 'Object Repository/Page_Contactology - login/button_Login' is clicked on

2021-01-21 12:28:38 - [MESSAGE][PASSED] - I login to contactology

2021-01-21 12:28:38 - [TEST_STEP][PASSED] - I add contact: I add contact

2021-01-21 12:28:39 - [MESSAGE][PASSED] - Text 'Contact004' is set on object 'Object Repository/Page_Contactology - main/input_Name_contactName'

2021-01-21 12:28:40 - [MESSAGE][PASSED] - Text '1112223333' is set on object 'Object Repository/Page_Contactology - main/input_Phone Number_contactNumber'

2021-01-21 12:28:41 - [MESSAGE][PASSED] - Text 'Contact004@test.com' is set on object 'Object Repository/Page_Contactology - main/input_Email_contactEmail'

2021-01-21 12:28:41 - [MESSAGE][PASSED] - Text '123 Test ST Orlando FL 32826' is set on object 'Object Repository/Page_Contactology - main/input_Address_contactAddress'

2021-01-21 12:28:42 - [MESSAGE][PASSED] - Object: 'Object Repository/Page_Contactology - main/button_Create Contact' is clicked on

2021-01-21 12:28:42 - [MESSAGE][PASSED] - I add contact

2021-01-21 12:28:42 - [TEST_STEP][PASSED] - I should see contact on contactlist: I should see contact on contactlist

2021-01-21 12:28:43 - [MESSAGE][PASSED] - Object 'Object Repository/Page_Contactology - main/input_Delete_name3' is present

2021-01-21 12:28:43 - [MESSAGE][PASSED] - Browser is closed

2021-01-21 12:28:43 - [MESSAGE][PASSED] - I should see contact on contactlist

2021-01-21 12:28:43 - [MESSAGE][PASSED] - Feature file: 'Include/features/Add_Contact/AddContact.feature' was passed

2021-01-21 12:28:43 - [TEST_STEP][PASSED] - runFeatureFile("Include/features/Add_Contact/DeleteContact.feature"): Feature file: 'Include/features/Add_Contact/DeleteContact.feature' was passed

2021-01-21 12:28:43 - [MESSAGE][INFO] - Starting run keyword runFeatureFile: 'Include/features/Add_Contact/DeleteContact.feature' and extract report to folder: '/Users/sebastiangilarranz/Katalon Studio/PCTE_Similar/Reports/20210121_122802/Smoke/20210121_122802/cucumber_report/1611250123630'...

2021-01-21 12:28:43 - [TEST_CASE][PASSED] - Start Test Case : SCENARIO Delete previously created contact: SCENARIO Delete previously created contact

2021-01-21 12:28:43 - [TEST_STEP][PASSED] - I am on contactology: I am on contactology

2021-01-21 12:28:43 - [MESSAGE][INFO] - Starting 'Chrome' driver

2021-01-21 12:28:43 - [MESSAGE][INFO] - Action delay is set to 0 milliseconds

2021-01-21 12:28:45 - [MESSAGE][PASSED] - Browser is opened with url: ''

2021-01-21 12:28:46 - [MESSAGE][PASSED] - Navigate to 'https://contactology.pythonanywhere.com/' successfully

2021-01-21 12:28:46 - [MESSAGE][PASSED] - I am on contactology

2021-01-21 12:28:46 - [TEST_STEP][PASSED] - I login to contactology: I login to contactology

2021-01-21 12:28:46 - [MESSAGE][PASSED] - Text 'User001' is set on object 'Object Repository/Page_Contactology - login/input_User Name_username'

2021-01-21 12:28:47 - [MESSAGE][PASSED] - Text ****** has been set on object 'Object Repository/Page_Contactology - login/input_Password_pass'

2021-01-21 12:28:47 - [MESSAGE][PASSED] - Object: 'Object Repository/Page_Contactology - login/button_Login' is clicked on

2021-01-21 12:28:47 - [MESSAGE][PASSED] - I login to contactology

2021-01-21 12:28:47 - [TEST_STEP][PASSED] - I delete contact previously created: I delete contact previously created

2021-01-21 12:28:49 - [MESSAGE][PASSED] - Object: 'Object Repository/Page_Contactology - main/button_Delete' is clicked on

2021-01-21 12:28:49 - [MESSAGE][PASSED] - I delete contact previously created

2021-01-21 12:28:49 - [TEST_STEP][PASSED] - I should no longer see contact: I should no longer see contact

2021-01-21 12:28:51 - [MESSAGE][PASSED] - Web element with id: 'Object Repository/Page_Contactology - main/input_Delete_name3' located by 'By.xpath: //input[@id='name3']' is not present after '5' second(s)

2021-01-21 12:28:51 - [MESSAGE][PASSED] - Browser is closed

2021-01-21 12:28:51 - [MESSAGE][PASSED] - I should no longer see contact

2021-01-21 12:28:51 - [MESSAGE][PASSED] - Feature file: 'Include/features/Add_Contact/DeleteContact.feature' was passed]]></system-out>
         <system-err><![CDATA[]]></system-err>
      </testcase>
      <system-out><![CDATA[2021-01-21 12:28:07 - [TEST_SUITE][PASSED] - Smoke: Test Cases/Add Contact_Delete Contact]]></system-out>
      <system-err><![CDATA[]]></system-err>
   </testsuite>
</testsuites>
